2018-07-26 11:53:27.226 [main] INFO  org.springframework.context.annotation.AnnotationConfigApplicationContext - Refreshing org.springframework.context.annotation.AnnotationConfigApplicationContext@6f45df59: startup date [Thu Jul 26 11:53:27 CST 2018]; root of context hierarchy
2018-07-26 11:53:27.447 [main] INFO  org.springframework.beans.factory.annotation.AutowiredAnnotationBeanPostProcessor - JSR-330 'javax.inject.Inject' annotation found and supported for autowiring
2018-07-26 11:53:27.499 [main] INFO  org.springframework.context.support.PostProcessorRegistrationDelegate$BeanPostProcessorChecker - Bean 'configurationPropertiesRebinderAutoConfiguration' of type [org.springframework.cloud.autoconfigure.ConfigurationPropertiesRebinderAutoConfiguration$$EnhancerBySpringCGLIB$$f14a83bf] is not eligible for getting processed by all BeanPostProcessors (for example: not eligible for auto-proxying)
2018-07-26 11:53:28.861 [main] INFO  com.ancaiyun.MicroAncaiyunZuulApplication - No active profile set, falling back to default profiles: default
2018-07-26 11:53:28.971 [main] INFO  org.springframework.boot.web.servlet.context.AnnotationConfigServletWebServerApplicationContext - Refreshing org.springframework.boot.web.servlet.context.AnnotationConfigServletWebServerApplicationContext@7a362b6b: startup date [Thu Jul 26 11:53:28 CST 2018]; parent: org.springframework.context.annotation.AnnotationConfigApplicationContext@6f45df59
2018-07-26 11:53:29.476 [main] INFO  org.springframework.beans.factory.support.DefaultListableBeanFactory - Overriding bean definition for bean 'environmentWebEndpointExtension' with a different definition: replacing [Root bean: class [null]; scope=; abstract=false; lazyInit=false; autowireMode=3; dependencyCheck=0; autowireCandidate=true; primary=false; factoryBeanName=org.springframework.boot.actuate.autoconfigure.env.EnvironmentEndpointAutoConfiguration; factoryMethodName=environmentWebEndpointExtension; initMethodName=null; destroyMethodName=(inferred); defined in class path resource [org/springframework/boot/actuate/autoconfigure/env/EnvironmentEndpointAutoConfiguration.class]] with [Root bean: class [null]; scope=; abstract=false; lazyInit=false; autowireMode=3; dependencyCheck=0; autowireCandidate=true; primary=false; factoryBeanName=org.springframework.cloud.autoconfigure.LifecycleMvcEndpointAutoConfiguration$EndpointConfiguration; factoryMethodName=environmentWebEndpointExtension; initMethodName=null; destroyMethodName=(inferred); defined in class path resource [org/springframework/cloud/autoconfigure/LifecycleMvcEndpointAutoConfiguration$EndpointConfiguration.class]]
2018-07-26 11:53:29.546 [main] INFO  org.springframework.beans.factory.support.DefaultListableBeanFactory - Overriding bean definition for bean 'proxyRequestHelper' with a different definition: replacing [Root bean: class [null]; scope=; abstract=false; lazyInit=false; autowireMode=3; dependencyCheck=0; autowireCandidate=true; primary=false; factoryBeanName=org.springframework.cloud.netflix.zuul.ZuulProxyAutoConfiguration$EndpointConfiguration; factoryMethodName=proxyRequestHelper; initMethodName=null; destroyMethodName=(inferred); defined in class path resource [org/springframework/cloud/netflix/zuul/ZuulProxyAutoConfiguration$EndpointConfiguration.class]] with [Root bean: class [null]; scope=; abstract=false; lazyInit=false; autowireMode=3; dependencyCheck=0; autowireCandidate=true; primary=false; factoryBeanName=org.springframework.cloud.netflix.zuul.ZuulProxyAutoConfiguration$NoActuatorConfiguration; factoryMethodName=proxyRequestHelper; initMethodName=null; destroyMethodName=(inferred); defined in class path resource [org/springframework/cloud/netflix/zuul/ZuulProxyAutoConfiguration$NoActuatorConfiguration.class]]
2018-07-26 11:53:29.580 [main] INFO  org.springframework.beans.factory.support.DefaultListableBeanFactory - Overriding bean definition for bean 'counterFactory' with a different definition: replacing [Root bean: class [null]; scope=; abstract=false; lazyInit=false; autowireMode=3; dependencyCheck=0; autowireCandidate=true; primary=false; factoryBeanName=org.springframework.cloud.netflix.zuul.ZuulServerAutoConfiguration$ZuulMetricsConfiguration; factoryMethodName=counterFactory; initMethodName=null; destroyMethodName=(inferred); defined in class path resource [org/springframework/cloud/netflix/zuul/ZuulServerAutoConfiguration$ZuulMetricsConfiguration.class]] with [Root bean: class [null]; scope=; abstract=false; lazyInit=false; autowireMode=3; dependencyCheck=0; autowireCandidate=true; primary=false; factoryBeanName=org.springframework.cloud.netflix.zuul.ZuulServerAutoConfiguration$ZuulCounterFactoryConfiguration; factoryMethodName=counterFactory; initMethodName=null; destroyMethodName=(inferred); defined in class path resource [org/springframework/cloud/netflix/zuul/ZuulServerAutoConfiguration$ZuulCounterFactoryConfiguration.class]]
2018-07-26 11:53:29.763 [main] INFO  org.springframework.cloud.context.scope.GenericScope - BeanFactory id=8374500a-04ba-3d2c-aa21-62c0b6943d6a
2018-07-26 11:53:29.801 [main] INFO  org.springframework.beans.factory.annotation.AutowiredAnnotationBeanPostProcessor - JSR-330 'javax.inject.Inject' annotation found and supported for autowiring
2018-07-26 11:53:29.986 [main] INFO  org.springframework.context.support.PostProcessorRegistrationDelegate$BeanPostProcessorChecker - Bean 'org.springframework.cloud.autoconfigure.ConfigurationPropertiesRebinderAutoConfiguration' of type [org.springframework.cloud.autoconfigure.ConfigurationPropertiesRebinderAutoConfiguration$$EnhancerBySpringCGLIB$$f14a83bf] is not eligible for getting processed by all BeanPostProcessors (for example: not eligible for auto-proxying)
2018-07-26 11:53:30.211 [main] INFO  org.springframework.boot.web.embedded.tomcat.TomcatWebServer - Tomcat initialized with port(s): 8888 (http)
2018-07-26 11:53:30.246 [main] INFO  org.apache.coyote.http11.Http11NioProtocol - Initializing ProtocolHandler ["http-nio-8888"]
2018-07-26 11:53:30.277 [main] INFO  org.apache.catalina.core.StandardService - Starting service [Tomcat]
2018-07-26 11:53:30.304 [main] INFO  org.apache.catalina.core.StandardEngine - Starting Servlet Engine: Apache Tomcat/8.5.29
2018-07-26 11:53:30.338 [localhost-startStop-1] INFO  org.apache.catalina.core.AprLifecycleListener - The APR based Apache Tomcat Native library which allows optimal performance in production environments was not found on the java.library.path: [D:\houtai\jdk\bin;C:\WINDOWS\Sun\Java\bin;C:\WINDOWS\system32;C:\WINDOWS;D:\houtai\jdk\bin;C:\ProgramData\Oracle\Java\javapath;F:\springboot\spring-boot-cli-1.3.0.BUILD-SNAPSHOT-bin\spring-1.3.0.BUILD-SNAPSHOT\bin;C:\WINDOWS\system32;C:\WINDOWS;C:\WINDOWS\System32\Wbem;C:\WINDOWS\System32\WindowsPowerShell\v1.0\;C:\WINDOWS\System32\OpenSSH\;D:\houtai\node_js\;E:\git\Git\cmd;F:\python\learn\Scripts\;F:\python\learn\;D:\houtai\jdk\bin;C:\Users\Administrator\AppData\Local\Microsoft\WindowsApps;C:\Users\Administrator\AppData\Roaming\npm;.]
2018-07-26 11:53:30.589 [localhost-startStop-1] INFO  org.apache.catalina.core.ContainerBase.[Tomcat].[localhost].[/] - Initializing Spring embedded WebApplicationContext
2018-07-26 11:53:30.616 [localhost-startStop-1] INFO  org.springframework.web.context.ContextLoader - Root WebApplicationContext: initialization completed in 1645 ms
2018-07-26 11:53:32.032 [localhost-startStop-1] INFO  org.springframework.cloud.commons.util.InetUtils - Cannot determine local hostname
2018-07-26 11:53:33.291 [localhost-startStop-1] INFO  org.springframework.cloud.commons.util.InetUtils - Cannot determine local hostname
2018-07-26 11:53:33.815 [localhost-startStop-1] INFO  com.netflix.config.sources.URLConfigurationSource - To enable URLs as dynamic configuration sources, define System property archaius.configurationSource.additionalUrls or make config.properties available on classpath.
2018-07-26 11:53:33.849 [localhost-startStop-1] INFO  com.netflix.config.DynamicPropertyFactory - DynamicPropertyFactory is initialized with configuration sources: com.netflix.config.ConcurrentCompositeConfiguration@12c1a1ab
2018-07-26 11:53:34.022 [localhost-startStop-1] INFO  org.springframework.boot.web.servlet.ServletRegistrationBean - Servlet dispatcherServlet mapped to [/]
2018-07-26 11:53:34.048 [localhost-startStop-1] INFO  org.springframework.boot.web.servlet.ServletRegistrationBean - Servlet zuulServlet mapped to [/zuul/*]
2018-07-26 11:53:34.076 [localhost-startStop-1] INFO  org.springframework.boot.web.servlet.FilterRegistrationBean - Mapping filter: 'characterEncodingFilter' to: [/*]
2018-07-26 11:53:34.103 [localhost-startStop-1] INFO  org.springframework.boot.web.servlet.FilterRegistrationBean - Mapping filter: 'hiddenHttpMethodFilter' to: [/*]
2018-07-26 11:53:34.130 [localhost-startStop-1] INFO  org.springframework.boot.web.servlet.FilterRegistrationBean - Mapping filter: 'httpPutFormContentFilter' to: [/*]
2018-07-26 11:53:34.155 [localhost-startStop-1] INFO  org.springframework.boot.web.servlet.FilterRegistrationBean - Mapping filter: 'requestContextFilter' to: [/*]
2018-07-26 11:53:34.182 [localhost-startStop-1] INFO  org.springframework.boot.web.servlet.FilterRegistrationBean - Mapping filter: 'httpTraceFilter' to: [/*]
2018-07-26 11:53:34.211 [localhost-startStop-1] INFO  org.springframework.boot.web.servlet.FilterRegistrationBean - Mapping filter: 'webMvcMetricsFilter' to: [/*]
2018-07-26 11:53:34.385 [main] INFO  com.netflix.config.sources.URLConfigurationSource - To enable URLs as dynamic configuration sources, define System property archaius.configurationSource.additionalUrls or make config.properties available on classpath.
2018-07-26 11:53:34.506 [main] INFO  org.springframework.web.servlet.handler.SimpleUrlHandlerMapping - Mapped URL path [/**/favicon.ico] onto handler of type [class org.springframework.web.servlet.resource.ResourceHttpRequestHandler]
2018-07-26 11:53:34.684 [main] INFO  org.springframework.web.servlet.mvc.method.annotation.RequestMappingHandlerAdapter - Looking for @ControllerAdvice: org.springframework.boot.web.servlet.context.AnnotationConfigServletWebServerApplicationContext@7a362b6b: startup date [Thu Jul 26 11:53:28 CST 2018]; parent: org.springframework.context.annotation.AnnotationConfigApplicationContext@6f45df59
2018-07-26 11:53:34.749 [main] INFO  org.springframework.web.servlet.mvc.method.annotation.RequestMappingHandlerMapping - Mapped "{[/error]}" onto public org.springframework.http.ResponseEntity<java.util.Map<java.lang.String, java.lang.Object>> org.springframework.boot.autoconfigure.web.servlet.error.BasicErrorController.error(javax.servlet.http.HttpServletRequest)
2018-07-26 11:53:34.777 [main] INFO  org.springframework.web.servlet.mvc.method.annotation.RequestMappingHandlerMapping - Mapped "{[/error],produces=[text/html]}" onto public org.springframework.web.servlet.ModelAndView org.springframework.boot.autoconfigure.web.servlet.error.BasicErrorController.errorHtml(javax.servlet.http.HttpServletRequest,javax.servlet.http.HttpServletResponse)
2018-07-26 11:53:34.828 [main] INFO  org.springframework.web.servlet.handler.SimpleUrlHandlerMapping - Mapped URL path [/webjars/**] onto handler of type [class org.springframework.web.servlet.resource.ResourceHttpRequestHandler]
2018-07-26 11:53:34.854 [main] INFO  org.springframework.web.servlet.handler.SimpleUrlHandlerMapping - Mapped URL path [/**] onto handler of type [class org.springframework.web.servlet.resource.ResourceHttpRequestHandler]
2018-07-26 11:53:35.174 [main] INFO  org.springframework.ui.freemarker.SpringTemplateLoader - SpringTemplateLoader for FreeMarker: using resource loader [org.springframework.boot.web.servlet.context.AnnotationConfigServletWebServerApplicationContext@7a362b6b: startup date [Thu Jul 26 11:53:28 CST 2018]; parent: org.springframework.context.annotation.AnnotationConfigApplicationContext@6f45df59] and template loader path [classpath:/templates/]
2018-07-26 11:53:35.200 [main] INFO  org.springframework.web.servlet.view.freemarker.FreeMarkerConfigurer - ClassTemplateLoader for Spring macros added to FreeMarker configuration
2018-07-26 11:53:35.608 [main] INFO  org.springframework.cloud.netflix.zuul.ZuulFilterInitializer - Starting filter initializer
2018-07-26 11:53:35.660 [main] INFO  org.springframework.boot.actuate.endpoint.web.EndpointLinksResolver - Exposing 2 endpoint(s) beneath base path '/actuator'
2018-07-26 11:53:35.692 [main] INFO  org.springframework.boot.actuate.endpoint.web.servlet.WebMvcEndpointHandlerMapping - Mapped "{[/actuator/health],methods=[GET],produces=[application/vnd.spring-boot.actuator.v2+json || application/json]}" onto public java.lang.Object org.springframework.boot.actuate.endpoint.web.servlet.AbstractWebMvcEndpointHandlerMapping$OperationHandler.handle(javax.servlet.http.HttpServletRequest,java.util.Map<java.lang.String, java.lang.String>)
2018-07-26 11:53:35.719 [main] INFO  org.springframework.boot.actuate.endpoint.web.servlet.WebMvcEndpointHandlerMapping - Mapped "{[/actuator/info],methods=[GET],produces=[application/vnd.spring-boot.actuator.v2+json || application/json]}" onto public java.lang.Object org.springframework.boot.actuate.endpoint.web.servlet.AbstractWebMvcEndpointHandlerMapping$OperationHandler.handle(javax.servlet.http.HttpServletRequest,java.util.Map<java.lang.String, java.lang.String>)
2018-07-26 11:53:35.747 [main] INFO  org.springframework.boot.actuate.endpoint.web.servlet.WebMvcEndpointHandlerMapping - Mapped "{[/actuator],methods=[GET],produces=[application/vnd.spring-boot.actuator.v2+json || application/json]}" onto protected java.util.Map<java.lang.String, java.util.Map<java.lang.String, org.springframework.boot.actuate.endpoint.web.Link>> org.springframework.boot.actuate.endpoint.web.servlet.WebMvcEndpointHandlerMapping.links(javax.servlet.http.HttpServletRequest,javax.servlet.http.HttpServletResponse)
2018-07-26 11:53:35.838 [main] INFO  org.springframework.jmx.export.annotation.AnnotationMBeanExporter - Registering beans for JMX exposure on startup
2018-07-26 11:53:35.870 [main] INFO  org.springframework.jmx.export.annotation.AnnotationMBeanExporter - Bean with name 'configurationPropertiesRebinder' has been autodetected for JMX exposure
2018-07-26 11:53:35.897 [main] INFO  org.springframework.jmx.export.annotation.AnnotationMBeanExporter - Bean with name 'environmentManager' has been autodetected for JMX exposure
2018-07-26 11:53:35.923 [main] INFO  org.springframework.jmx.export.annotation.AnnotationMBeanExporter - Bean with name 'refreshScope' has been autodetected for JMX exposure
2018-07-26 11:53:35.953 [main] INFO  org.springframework.jmx.export.annotation.AnnotationMBeanExporter - Located managed bean 'environmentManager': registering with JMX server as MBean [org.springframework.cloud.context.environment:name=environmentManager,type=EnvironmentManager]
2018-07-26 11:53:35.994 [main] INFO  org.springframework.jmx.export.annotation.AnnotationMBeanExporter - Located managed bean 'refreshScope': registering with JMX server as MBean [org.springframework.cloud.context.scope.refresh:name=refreshScope,type=RefreshScope]
2018-07-26 11:53:36.041 [main] INFO  org.springframework.jmx.export.annotation.AnnotationMBeanExporter - Located managed bean 'configurationPropertiesRebinder': registering with JMX server as MBean [org.springframework.cloud.context.properties:name=configurationPropertiesRebinder,context=7a362b6b,type=ConfigurationPropertiesRebinder]
2018-07-26 11:53:36.084 [main] INFO  org.springframework.context.support.DefaultLifecycleProcessor - Starting beans in phase 0
2018-07-26 11:53:36.119 [main] INFO  org.springframework.cloud.netflix.eureka.InstanceInfoFactory - Setting initial instance status as: STARTING
2018-07-26 11:53:36.174 [main] INFO  com.netflix.discovery.DiscoveryClient - Initializing Eureka in region us-east-1
2018-07-26 11:53:36.257 [main] INFO  com.netflix.discovery.provider.DiscoveryJerseyProvider - Using JSON encoding codec LegacyJacksonJson
2018-07-26 11:53:36.284 [main] INFO  com.netflix.discovery.provider.DiscoveryJerseyProvider - Using JSON decoding codec LegacyJacksonJson
2018-07-26 11:53:36.394 [main] INFO  com.netflix.discovery.provider.DiscoveryJerseyProvider - Using XML encoding codec XStreamXml
2018-07-26 11:53:36.421 [main] INFO  com.netflix.discovery.provider.DiscoveryJerseyProvider - Using XML decoding codec XStreamXml
2018-07-26 11:53:36.594 [main] INFO  com.netflix.discovery.shared.resolver.aws.ConfigClusterResolver - Resolving eureka endpoints via configuration
2018-07-26 11:53:36.687 [main] INFO  com.netflix.discovery.DiscoveryClient - Disable delta property : false
2018-07-26 11:53:36.714 [main] INFO  com.netflix.discovery.DiscoveryClient - Single vip registry refresh property : null
2018-07-26 11:53:36.741 [main] INFO  com.netflix.discovery.DiscoveryClient - Force full registry fetch : false
2018-07-26 11:53:36.768 [main] INFO  com.netflix.discovery.DiscoveryClient - Application is null : false
2018-07-26 11:53:36.795 [main] INFO  com.netflix.discovery.DiscoveryClient - Registered Applications size is zero : true
2018-07-26 11:53:36.820 [main] INFO  com.netflix.discovery.DiscoveryClient - Application version is -1: true
2018-07-26 11:53:36.844 [main] INFO  com.netflix.discovery.DiscoveryClient - Getting all instance registry info from the eureka server
2018-07-26 11:53:37.044 [main] INFO  com.netflix.discovery.DiscoveryClient - The response status is 200
2018-07-26 11:53:37.070 [main] INFO  com.netflix.discovery.DiscoveryClient - Starting heartbeat executor: renew interval is: 30
2018-07-26 11:53:37.095 [main] INFO  com.netflix.discovery.InstanceInfoReplicator - InstanceInfoReplicator onDemand update allowed rate per min is 4
2018-07-26 11:53:37.123 [main] INFO  com.netflix.discovery.DiscoveryClient - Discovery Client initialized at timestamp 1532577217122 with initial instances count: 0
2018-07-26 11:53:37.152 [main] INFO  org.springframework.cloud.netflix.eureka.serviceregistry.EurekaServiceRegistry - Registering application micro-ancaiyun-zuul with eureka with status UP
2018-07-26 11:53:37.180 [main] INFO  com.netflix.discovery.DiscoveryClient - Saw local status change event StatusChangeEvent [timestamp=1532577217180, current=UP, previous=STARTING]
2018-07-26 11:53:37.207 [DiscoveryClient-InstanceInfoReplicator-0] INFO  com.netflix.discovery.DiscoveryClient - DiscoveryClient_MICRO-ANCAIYUN-ZUUL/localhost:micro-ancaiyun-zuul:8888: registering service...
2018-07-26 11:53:37.218 [main] INFO  org.apache.coyote.http11.Http11NioProtocol - Starting ProtocolHandler ["http-nio-8888"]
2018-07-26 11:53:37.305 [main] INFO  org.apache.tomcat.util.net.NioSelectorPool - Using a shared selector for servlet write/read
2018-07-26 11:53:37.317 [DiscoveryClient-InstanceInfoReplicator-0] INFO  com.netflix.discovery.DiscoveryClient - DiscoveryClient_MICRO-ANCAIYUN-ZUUL/localhost:micro-ancaiyun-zuul:8888 - registration status: 204
2018-07-26 11:53:37.347 [main] INFO  org.springframework.boot.web.embedded.tomcat.TomcatWebServer - Tomcat started on port(s): 8888 (http) with context path ''
2018-07-26 11:53:37.375 [main] INFO  org.springframework.cloud.netflix.eureka.serviceregistry.EurekaAutoServiceRegistration - Updating port to 8888
2018-07-26 11:53:37.403 [main] INFO  com.ancaiyun.MicroAncaiyunZuulApplication - Started MicroAncaiyunZuulApplication in 11.799 seconds (JVM running for 12.72)
2018-07-26 11:53:37.787 [RMI TCP Connection(10)-127.0.0.1] INFO  org.apache.catalina.core.ContainerBase.[Tomcat].[localhost].[/] - Initializing Spring FrameworkServlet 'dispatcherServlet'
2018-07-26 11:53:37.815 [RMI TCP Connection(10)-127.0.0.1] INFO  org.springframework.web.servlet.DispatcherServlet - FrameworkServlet 'dispatcherServlet': initialization started
2018-07-26 11:53:37.857 [RMI TCP Connection(10)-127.0.0.1] INFO  org.springframework.web.servlet.DispatcherServlet - FrameworkServlet 'dispatcherServlet': initialization completed in 14 ms
2018-07-26 11:54:07.072 [DiscoveryClient-CacheRefreshExecutor-0] INFO  com.netflix.discovery.DiscoveryClient - Disable delta property : false
2018-07-26 11:54:07.097 [DiscoveryClient-CacheRefreshExecutor-0] INFO  com.netflix.discovery.DiscoveryClient - Single vip registry refresh property : null
2018-07-26 11:54:07.125 [DiscoveryClient-CacheRefreshExecutor-0] INFO  com.netflix.discovery.DiscoveryClient - Force full registry fetch : false
2018-07-26 11:54:07.152 [DiscoveryClient-CacheRefreshExecutor-0] INFO  com.netflix.discovery.DiscoveryClient - Application is null : false
2018-07-26 11:54:07.181 [DiscoveryClient-CacheRefreshExecutor-0] INFO  com.netflix.discovery.DiscoveryClient - Registered Applications size is zero : true
2018-07-26 11:54:07.208 [DiscoveryClient-CacheRefreshExecutor-0] INFO  com.netflix.discovery.DiscoveryClient - Application version is -1: false
2018-07-26 11:54:07.235 [DiscoveryClient-CacheRefreshExecutor-0] INFO  com.netflix.discovery.DiscoveryClient - Getting all instance registry info from the eureka server
2018-07-26 11:54:07.334 [DiscoveryClient-CacheRefreshExecutor-0] INFO  com.netflix.discovery.DiscoveryClient - The response status is 200
2018-07-26 11:57:01.631 [http-nio-8888-exec-2] INFO  org.springframework.cloud.netflix.zuul.web.ZuulHandlerMapping - Mapped URL path [/admin-server/**] onto handler of type [class org.springframework.cloud.netflix.zuul.web.ZuulController]
2018-07-26 11:57:01.657 [http-nio-8888-exec-2] INFO  org.springframework.cloud.netflix.zuul.web.ZuulHandlerMapping - Mapped URL path [/admin-sso/**] onto handler of type [class org.springframework.cloud.netflix.zuul.web.ZuulController]
2018-07-26 11:57:01.685 [http-nio-8888-exec-2] INFO  org.springframework.cloud.netflix.zuul.web.ZuulHandlerMapping - Mapped URL path [/material/**] onto handler of type [class org.springframework.cloud.netflix.zuul.web.ZuulController]
2018-07-26 11:57:01.712 [http-nio-8888-exec-2] INFO  org.springframework.cloud.netflix.zuul.web.ZuulHandlerMapping - Mapped URL path [/project/**] onto handler of type [class org.springframework.cloud.netflix.zuul.web.ZuulController]
2018-07-26 11:57:01.738 [http-nio-8888-exec-2] INFO  org.springframework.cloud.netflix.zuul.web.ZuulHandlerMapping - Mapped URL path [/micro-ancaiyun-admin-server/**] onto handler of type [class org.springframework.cloud.netflix.zuul.web.ZuulController]
2018-07-26 11:57:01.766 [http-nio-8888-exec-2] INFO  org.springframework.cloud.netflix.zuul.web.ZuulHandlerMapping - Mapped URL path [/micro-ancaiyun-admin-sso-service/**] onto handler of type [class org.springframework.cloud.netflix.zuul.web.ZuulController]
2018-07-26 11:57:02.351 [http-nio-8888-exec-2] INFO  org.springframework.context.annotation.AnnotationConfigApplicationContext - Refreshing SpringClientFactory-micro-ancaiyun-admin-server: startup date [Thu Jul 26 11:57:02 CST 2018]; parent: org.springframework.boot.web.servlet.context.AnnotationConfigServletWebServerApplicationContext@7a362b6b
2018-07-26 11:57:02.418 [http-nio-8888-exec-2] INFO  org.springframework.beans.factory.annotation.AutowiredAnnotationBeanPostProcessor - JSR-330 'javax.inject.Inject' annotation found and supported for autowiring
2018-07-26 11:57:03.899 [http-nio-8888-exec-2] INFO  com.netflix.config.ChainedDynamicProperty - Flipping property: micro-ancaiyun-admin-server.ribbon.ActiveConnectionsLimit to use NEXT property: niws.loadbalancer.availabilityFilteringRule.activeConnectionsLimit = 2147483647
2018-07-26 11:57:03.950 [http-nio-8888-exec-2] INFO  com.netflix.util.concurrent.ShutdownEnabledTimer - Shutdown hook installed for: NFLoadBalancer-PingTimer-micro-ancaiyun-admin-server
2018-07-26 11:57:04.007 [http-nio-8888-exec-2] INFO  com.netflix.loadbalancer.BaseLoadBalancer - Client: micro-ancaiyun-admin-server instantiated a LoadBalancer: DynamicServerListLoadBalancer:{NFLoadBalancer:name=micro-ancaiyun-admin-server,current list of Servers=[],Load balancer stats=Zone stats: {},Server stats: []}ServerList:null
2018-07-26 11:57:04.082 [http-nio-8888-exec-2] INFO  com.netflix.loadbalancer.DynamicServerListLoadBalancer - Using serverListUpdater PollingServerListUpdater
2018-07-26 11:57:04.220 [http-nio-8888-exec-2] INFO  com.netflix.config.ChainedDynamicProperty - Flipping property: micro-ancaiyun-admin-server.ribbon.ActiveConnectionsLimit to use NEXT property: niws.loadbalancer.availabilityFilteringRule.activeConnectionsLimit = 2147483647
2018-07-26 11:57:04.247 [http-nio-8888-exec-2] INFO  com.netflix.loadbalancer.DynamicServerListLoadBalancer - DynamicServerListLoadBalancer for client micro-ancaiyun-admin-server initialized: DynamicServerListLoadBalancer:{NFLoadBalancer:name=micro-ancaiyun-admin-server,current list of Servers=[localhost:8084],Load balancer stats=Zone stats: {defaultzone=[Zone:defaultzone;	Instance count:1;	Active connections count: 0;	Circuit breaker tripped count: 0;	Active connections per server: 0.0;]
},Server stats: [[Server:localhost:8084;	Zone:defaultZone;	Total Requests:0;	Successive connection failure:0;	Total blackout seconds:0;	Last connection made:Thu Jan 01 08:00:00 CST 1970;	First connection made: Thu Jan 01 08:00:00 CST 1970;	Active Connections:0;	total failure count in last (1000) msecs:0;	average resp time:0.0;	90 percentile resp time:0.0;	95 percentile resp time:0.0;	min resp time:0.0;	max resp time:0.0;	stddev resp time:0.0]
]}ServerList:org.springframework.cloud.netflix.ribbon.eureka.DomainExtractingServerList@3cc9a9d9
2018-07-26 11:57:05.116 [PollingServerListUpdater-0] INFO  com.netflix.config.ChainedDynamicProperty - Flipping property: micro-ancaiyun-admin-server.ribbon.ActiveConnectionsLimit to use NEXT property: niws.loadbalancer.availabilityFilteringRule.activeConnectionsLimit = 2147483647
2018-07-26 11:57:05.834 [http-nio-8888-exec-3] INFO  org.springframework.context.annotation.AnnotationConfigApplicationContext - Refreshing SpringClientFactory-micro-ancaiyun-admin-sso-service: startup date [Thu Jul 26 11:57:05 CST 2018]; parent: org.springframework.boot.web.servlet.context.AnnotationConfigServletWebServerApplicationContext@7a362b6b
2018-07-26 11:57:05.896 [http-nio-8888-exec-3] INFO  org.springframework.beans.factory.annotation.AutowiredAnnotationBeanPostProcessor - JSR-330 'javax.inject.Inject' annotation found and supported for autowiring
2018-07-26 11:57:05.935 [http-nio-8888-exec-3] INFO  com.netflix.config.ChainedDynamicProperty - Flipping property: micro-ancaiyun-admin-sso-service.ribbon.ActiveConnectionsLimit to use NEXT property: niws.loadbalancer.availabilityFilteringRule.activeConnectionsLimit = 2147483647
2018-07-26 11:57:05.967 [http-nio-8888-exec-3] INFO  com.netflix.util.concurrent.ShutdownEnabledTimer - Shutdown hook installed for: NFLoadBalancer-PingTimer-micro-ancaiyun-admin-sso-service
2018-07-26 11:57:05.996 [http-nio-8888-exec-3] INFO  com.netflix.loadbalancer.BaseLoadBalancer - Client: micro-ancaiyun-admin-sso-service instantiated a LoadBalancer: DynamicServerListLoadBalancer:{NFLoadBalancer:name=micro-ancaiyun-admin-sso-service,current list of Servers=[],Load balancer stats=Zone stats: {},Server stats: []}ServerList:null
2018-07-26 11:57:06.027 [http-nio-8888-exec-3] INFO  com.netflix.loadbalancer.DynamicServerListLoadBalancer - Using serverListUpdater PollingServerListUpdater
2018-07-26 11:57:06.055 [http-nio-8888-exec-3] INFO  com.netflix.config.ChainedDynamicProperty - Flipping property: micro-ancaiyun-admin-sso-service.ribbon.ActiveConnectionsLimit to use NEXT property: niws.loadbalancer.availabilityFilteringRule.activeConnectionsLimit = 2147483647
2018-07-26 11:57:06.085 [http-nio-8888-exec-3] INFO  com.netflix.loadbalancer.DynamicServerListLoadBalancer - DynamicServerListLoadBalancer for client micro-ancaiyun-admin-sso-service initialized: DynamicServerListLoadBalancer:{NFLoadBalancer:name=micro-ancaiyun-admin-sso-service,current list of Servers=[localhost:8880],Load balancer stats=Zone stats: {defaultzone=[Zone:defaultzone;	Instance count:1;	Active connections count: 0;	Circuit breaker tripped count: 0;	Active connections per server: 0.0;]
},Server stats: [[Server:localhost:8880;	Zone:defaultZone;	Total Requests:0;	Successive connection failure:0;	Total blackout seconds:0;	Last connection made:Thu Jan 01 08:00:00 CST 1970;	First connection made: Thu Jan 01 08:00:00 CST 1970;	Active Connections:0;	total failure count in last (1000) msecs:0;	average resp time:0.0;	90 percentile resp time:0.0;	95 percentile resp time:0.0;	min resp time:0.0;	max resp time:0.0;	stddev resp time:0.0]
]}ServerList:org.springframework.cloud.netflix.ribbon.eureka.DomainExtractingServerList@4253139c
2018-07-26 11:57:07.057 [PollingServerListUpdater-0] INFO  com.netflix.config.ChainedDynamicProperty - Flipping property: micro-ancaiyun-admin-sso-service.ribbon.ActiveConnectionsLimit to use NEXT property: niws.loadbalancer.availabilityFilteringRule.activeConnectionsLimit = 2147483647
2018-07-26 11:58:36.874 [AsyncResolver-bootstrap-executor-0] INFO  com.netflix.discovery.shared.resolver.aws.ConfigClusterResolver - Resolving eureka endpoints via configuration
2018-07-26 12:03:36.904 [AsyncResolver-bootstrap-executor-0] INFO  com.netflix.discovery.shared.resolver.aws.ConfigClusterResolver - Resolving eureka endpoints via configuration
2018-07-26 12:08:36.931 [AsyncResolver-bootstrap-executor-0] INFO  com.netflix.discovery.shared.resolver.aws.ConfigClusterResolver - Resolving eureka endpoints via configuration
2018-07-26 12:13:36.963 [AsyncResolver-bootstrap-executor-0] INFO  com.netflix.discovery.shared.resolver.aws.ConfigClusterResolver - Resolving eureka endpoints via configuration
2018-07-26 12:18:36.993 [AsyncResolver-bootstrap-executor-0] INFO  com.netflix.discovery.shared.resolver.aws.ConfigClusterResolver - Resolving eureka endpoints via configuration
2018-07-26 12:23:37.023 [AsyncResolver-bootstrap-executor-0] INFO  com.netflix.discovery.shared.resolver.aws.ConfigClusterResolver - Resolving eureka endpoints via configuration
2018-07-26 12:28:37.053 [AsyncResolver-bootstrap-executor-0] INFO  com.netflix.discovery.shared.resolver.aws.ConfigClusterResolver - Resolving eureka endpoints via configuration
2018-07-26 12:33:37.081 [AsyncResolver-bootstrap-executor-0] INFO  com.netflix.discovery.shared.resolver.aws.ConfigClusterResolver - Resolving eureka endpoints via configuration
2018-07-26 12:38:37.111 [AsyncResolver-bootstrap-executor-0] INFO  com.netflix.discovery.shared.resolver.aws.ConfigClusterResolver - Resolving eureka endpoints via configuration
2018-07-26 12:43:37.140 [AsyncResolver-bootstrap-executor-0] INFO  com.netflix.discovery.shared.resolver.aws.ConfigClusterResolver - Resolving eureka endpoints via configuration
2018-07-26 12:48:37.169 [AsyncResolver-bootstrap-executor-0] INFO  com.netflix.discovery.shared.resolver.aws.ConfigClusterResolver - Resolving eureka endpoints via configuration
2018-07-26 12:53:37.199 [AsyncResolver-bootstrap-executor-0] INFO  com.netflix.discovery.shared.resolver.aws.ConfigClusterResolver - Resolving eureka endpoints via configuration
2018-07-26 12:58:37.230 [AsyncResolver-bootstrap-executor-0] INFO  com.netflix.discovery.shared.resolver.aws.ConfigClusterResolver - Resolving eureka endpoints via configuration
2018-07-26 13:03:37.264 [AsyncResolver-bootstrap-executor-0] INFO  com.netflix.discovery.shared.resolver.aws.ConfigClusterResolver - Resolving eureka endpoints via configuration
2018-07-26 14:10:39.144 [AsyncResolver-bootstrap-executor-0] INFO  com.netflix.discovery.shared.resolver.aws.ConfigClusterResolver - Resolving eureka endpoints via configuration
2018-07-26 14:15:39.158 [AsyncResolver-bootstrap-executor-0] INFO  com.netflix.discovery.shared.resolver.aws.ConfigClusterResolver - Resolving eureka endpoints via configuration
2018-07-26 14:17:17.054 [main] INFO  org.springframework.context.annotation.AnnotationConfigApplicationContext - Refreshing org.springframework.context.annotation.AnnotationConfigApplicationContext@15ca7889: startup date [Thu Jul 26 14:17:17 CST 2018]; root of context hierarchy
2018-07-26 14:17:17.304 [main] INFO  org.springframework.beans.factory.annotation.AutowiredAnnotationBeanPostProcessor - JSR-330 'javax.inject.Inject' annotation found and supported for autowiring
2018-07-26 14:17:17.358 [main] INFO  org.springframework.context.support.PostProcessorRegistrationDelegate$BeanPostProcessorChecker - Bean 'configurationPropertiesRebinderAutoConfiguration' of type [org.springframework.cloud.autoconfigure.ConfigurationPropertiesRebinderAutoConfiguration$$EnhancerBySpringCGLIB$$85940920] is not eligible for getting processed by all BeanPostProcessors (for example: not eligible for auto-proxying)
2018-07-26 14:17:18.753 [main] INFO  com.ancaiyun.MicroAncaiyunZuulApplication - No active profile set, falling back to default profiles: default
2018-07-26 14:17:18.873 [main] INFO  org.springframework.boot.web.servlet.context.AnnotationConfigServletWebServerApplicationContext - Refreshing org.springframework.boot.web.servlet.context.AnnotationConfigServletWebServerApplicationContext@60856961: startup date [Thu Jul 26 14:17:18 CST 2018]; parent: org.springframework.context.annotation.AnnotationConfigApplicationContext@15ca7889
2018-07-26 14:17:19.480 [main] INFO  org.springframework.beans.factory.support.DefaultListableBeanFactory - Overriding bean definition for bean 'environmentWebEndpointExtension' with a different definition: replacing [Root bean: class [null]; scope=; abstract=false; lazyInit=false; autowireMode=3; dependencyCheck=0; autowireCandidate=true; primary=false; factoryBeanName=org.springframework.boot.actuate.autoconfigure.env.EnvironmentEndpointAutoConfiguration; factoryMethodName=environmentWebEndpointExtension; initMethodName=null; destroyMethodName=(inferred); defined in class path resource [org/springframework/boot/actuate/autoconfigure/env/EnvironmentEndpointAutoConfiguration.class]] with [Root bean: class [null]; scope=; abstract=false; lazyInit=false; autowireMode=3; dependencyCheck=0; autowireCandidate=true; primary=false; factoryBeanName=org.springframework.cloud.autoconfigure.LifecycleMvcEndpointAutoConfiguration$EndpointConfiguration; factoryMethodName=environmentWebEndpointExtension; initMethodName=null; destroyMethodName=(inferred); defined in class path resource [org/springframework/cloud/autoconfigure/LifecycleMvcEndpointAutoConfiguration$EndpointConfiguration.class]]
2018-07-26 14:17:19.553 [main] INFO  org.springframework.beans.factory.support.DefaultListableBeanFactory - Overriding bean definition for bean 'proxyRequestHelper' with a different definition: replacing [Root bean: class [null]; scope=; abstract=false; lazyInit=false; autowireMode=3; dependencyCheck=0; autowireCandidate=true; primary=false; factoryBeanName=org.springframework.cloud.netflix.zuul.ZuulProxyAutoConfiguration$EndpointConfiguration; factoryMethodName=proxyRequestHelper; initMethodName=null; destroyMethodName=(inferred); defined in class path resource [org/springframework/cloud/netflix/zuul/ZuulProxyAutoConfiguration$EndpointConfiguration.class]] with [Root bean: class [null]; scope=; abstract=false; lazyInit=false; autowireMode=3; dependencyCheck=0; autowireCandidate=true; primary=false; factoryBeanName=org.springframework.cloud.netflix.zuul.ZuulProxyAutoConfiguration$NoActuatorConfiguration; factoryMethodName=proxyRequestHelper; initMethodName=null; destroyMethodName=(inferred); defined in class path resource [org/springframework/cloud/netflix/zuul/ZuulProxyAutoConfiguration$NoActuatorConfiguration.class]]
2018-07-26 14:17:19.586 [main] INFO  org.springframework.beans.factory.support.DefaultListableBeanFactory - Overriding bean definition for bean 'counterFactory' with a different definition: replacing [Root bean: class [null]; scope=; abstract=false; lazyInit=false; autowireMode=3; dependencyCheck=0; autowireCandidate=true; primary=false; factoryBeanName=org.springframework.cloud.netflix.zuul.ZuulServerAutoConfiguration$ZuulMetricsConfiguration; factoryMethodName=counterFactory; initMethodName=null; destroyMethodName=(inferred); defined in class path resource [org/springframework/cloud/netflix/zuul/ZuulServerAutoConfiguration$ZuulMetricsConfiguration.class]] with [Root bean: class [null]; scope=; abstract=false; lazyInit=false; autowireMode=3; dependencyCheck=0; autowireCandidate=true; primary=false; factoryBeanName=org.springframework.cloud.netflix.zuul.ZuulServerAutoConfiguration$ZuulCounterFactoryConfiguration; factoryMethodName=counterFactory; initMethodName=null; destroyMethodName=(inferred); defined in class path resource [org/springframework/cloud/netflix/zuul/ZuulServerAutoConfiguration$ZuulCounterFactoryConfiguration.class]]
2018-07-26 14:17:19.809 [main] INFO  org.springframework.cloud.context.scope.GenericScope - BeanFactory id=8374500a-04ba-3d2c-aa21-62c0b6943d6a
2018-07-26 14:17:19.850 [main] INFO  org.springframework.beans.factory.annotation.AutowiredAnnotationBeanPostProcessor - JSR-330 'javax.inject.Inject' annotation found and supported for autowiring
2018-07-26 14:17:20.026 [main] INFO  org.springframework.context.support.PostProcessorRegistrationDelegate$BeanPostProcessorChecker - Bean 'org.springframework.cloud.autoconfigure.ConfigurationPropertiesRebinderAutoConfiguration' of type [org.springframework.cloud.autoconfigure.ConfigurationPropertiesRebinderAutoConfiguration$$EnhancerBySpringCGLIB$$85940920] is not eligible for getting processed by all BeanPostProcessors (for example: not eligible for auto-proxying)
2018-07-26 14:17:20.271 [main] INFO  org.springframework.boot.web.embedded.tomcat.TomcatWebServer - Tomcat initialized with port(s): 8888 (http)
2018-07-26 14:17:20.305 [main] INFO  org.apache.coyote.http11.Http11NioProtocol - Initializing ProtocolHandler ["http-nio-8888"]
2018-07-26 14:17:20.342 [main] INFO  org.apache.catalina.core.StandardService - Starting service [Tomcat]
2018-07-26 14:17:20.370 [main] INFO  org.apache.catalina.core.StandardEngine - Starting Servlet Engine: Apache Tomcat/8.5.29
2018-07-26 14:17:20.410 [localhost-startStop-1] INFO  org.apache.catalina.core.AprLifecycleListener - The APR based Apache Tomcat Native library which allows optimal performance in production environments was not found on the java.library.path: [D:\houtai\jdk\bin;C:\WINDOWS\Sun\Java\bin;C:\WINDOWS\system32;C:\WINDOWS;D:\houtai\jdk\bin;C:\ProgramData\Oracle\Java\javapath;F:\springboot\spring-boot-cli-1.3.0.BUILD-SNAPSHOT-bin\spring-1.3.0.BUILD-SNAPSHOT\bin;C:\WINDOWS\system32;C:\WINDOWS;C:\WINDOWS\System32\Wbem;C:\WINDOWS\System32\WindowsPowerShell\v1.0\;C:\WINDOWS\System32\OpenSSH\;D:\houtai\node_js\;E:\git\Git\cmd;F:\python\learn\Scripts\;F:\python\learn\;D:\houtai\jdk\bin;C:\Users\Administrator\AppData\Local\Microsoft\WindowsApps;C:\Users\Administrator\AppData\Roaming\npm;.]
2018-07-26 14:17:20.707 [localhost-startStop-1] INFO  org.apache.catalina.core.ContainerBase.[Tomcat].[localhost].[/] - Initializing Spring embedded WebApplicationContext
2018-07-26 14:17:20.737 [localhost-startStop-1] INFO  org.springframework.web.context.ContextLoader - Root WebApplicationContext: initialization completed in 1864 ms
2018-07-26 14:17:22.375 [localhost-startStop-1] INFO  org.springframework.cloud.commons.util.InetUtils - Cannot determine local hostname
2018-07-26 14:17:23.659 [localhost-startStop-1] INFO  org.springframework.cloud.commons.util.InetUtils - Cannot determine local hostname
2018-07-26 14:17:24.399 [localhost-startStop-1] INFO  com.netflix.config.sources.URLConfigurationSource - To enable URLs as dynamic configuration sources, define System property archaius.configurationSource.additionalUrls or make config.properties available on classpath.
2018-07-26 14:17:24.438 [localhost-startStop-1] INFO  com.netflix.config.DynamicPropertyFactory - DynamicPropertyFactory is initialized with configuration sources: com.netflix.config.ConcurrentCompositeConfiguration@5e34d916
2018-07-26 14:17:24.662 [localhost-startStop-1] INFO  org.springframework.boot.web.servlet.ServletRegistrationBean - Servlet dispatcherServlet mapped to [/]
2018-07-26 14:17:24.689 [localhost-startStop-1] INFO  org.springframework.boot.web.servlet.ServletRegistrationBean - Servlet zuulServlet mapped to [/zuul/*]
2018-07-26 14:17:24.724 [localhost-startStop-1] INFO  org.springframework.boot.web.servlet.FilterRegistrationBean - Mapping filter: 'characterEncodingFilter' to: [/*]
2018-07-26 14:17:24.752 [localhost-startStop-1] INFO  org.springframework.boot.web.servlet.FilterRegistrationBean - Mapping filter: 'hiddenHttpMethodFilter' to: [/*]
2018-07-26 14:17:24.779 [localhost-startStop-1] INFO  org.springframework.boot.web.servlet.FilterRegistrationBean - Mapping filter: 'httpPutFormContentFilter' to: [/*]
2018-07-26 14:17:24.807 [localhost-startStop-1] INFO  org.springframework.boot.web.servlet.FilterRegistrationBean - Mapping filter: 'requestContextFilter' to: [/*]
2018-07-26 14:17:24.835 [localhost-startStop-1] INFO  org.springframework.boot.web.servlet.FilterRegistrationBean - Mapping filter: 'httpTraceFilter' to: [/*]
2018-07-26 14:17:24.862 [localhost-startStop-1] INFO  org.springframework.boot.web.servlet.FilterRegistrationBean - Mapping filter: 'webMvcMetricsFilter' to: [/*]
2018-07-26 14:17:25.010 [main] INFO  com.netflix.config.sources.URLConfigurationSource - To enable URLs as dynamic configuration sources, define System property archaius.configurationSource.additionalUrls or make config.properties available on classpath.
2018-07-26 14:17:25.168 [main] INFO  org.springframework.web.servlet.handler.SimpleUrlHandlerMapping - Mapped URL path [/**/favicon.ico] onto handler of type [class org.springframework.web.servlet.resource.ResourceHttpRequestHandler]
2018-07-26 14:17:25.436 [main] INFO  org.springframework.web.servlet.mvc.method.annotation.RequestMappingHandlerAdapter - Looking for @ControllerAdvice: org.springframework.boot.web.servlet.context.AnnotationConfigServletWebServerApplicationContext@60856961: startup date [Thu Jul 26 14:17:18 CST 2018]; parent: org.springframework.context.annotation.AnnotationConfigApplicationContext@15ca7889
2018-07-26 14:17:25.506 [main] INFO  org.springframework.web.servlet.mvc.method.annotation.RequestMappingHandlerMapping - Mapped "{[/error]}" onto public org.springframework.http.ResponseEntity<java.util.Map<java.lang.String, java.lang.Object>> org.springframework.boot.autoconfigure.web.servlet.error.BasicErrorController.error(javax.servlet.http.HttpServletRequest)
2018-07-26 14:17:25.534 [main] INFO  org.springframework.web.servlet.mvc.method.annotation.RequestMappingHandlerMapping - Mapped "{[/error],produces=[text/html]}" onto public org.springframework.web.servlet.ModelAndView org.springframework.boot.autoconfigure.web.servlet.error.BasicErrorController.errorHtml(javax.servlet.http.HttpServletRequest,javax.servlet.http.HttpServletResponse)
2018-07-26 14:17:25.630 [main] INFO  org.springframework.web.servlet.handler.SimpleUrlHandlerMapping - Mapped URL path [/webjars/**] onto handler of type [class org.springframework.web.servlet.resource.ResourceHttpRequestHandler]
2018-07-26 14:17:25.657 [main] INFO  org.springframework.web.servlet.handler.SimpleUrlHandlerMapping - Mapped URL path [/**] onto handler of type [class org.springframework.web.servlet.resource.ResourceHttpRequestHandler]
2018-07-26 14:17:26.011 [main] INFO  org.springframework.ui.freemarker.SpringTemplateLoader - SpringTemplateLoader for FreeMarker: using resource loader [org.springframework.boot.web.servlet.context.AnnotationConfigServletWebServerApplicationContext@60856961: startup date [Thu Jul 26 14:17:18 CST 2018]; parent: org.springframework.context.annotation.AnnotationConfigApplicationContext@15ca7889] and template loader path [classpath:/templates/]
2018-07-26 14:17:26.038 [main] INFO  org.springframework.web.servlet.view.freemarker.FreeMarkerConfigurer - ClassTemplateLoader for Spring macros added to FreeMarker configuration
2018-07-26 14:17:26.510 [main] INFO  org.springframework.cloud.netflix.zuul.ZuulFilterInitializer - Starting filter initializer
2018-07-26 14:17:26.562 [main] INFO  org.springframework.boot.actuate.endpoint.web.EndpointLinksResolver - Exposing 2 endpoint(s) beneath base path '/actuator'
2018-07-26 14:17:26.597 [main] INFO  org.springframework.boot.actuate.endpoint.web.servlet.WebMvcEndpointHandlerMapping - Mapped "{[/actuator/health],methods=[GET],produces=[application/vnd.spring-boot.actuator.v2+json || application/json]}" onto public java.lang.Object org.springframework.boot.actuate.endpoint.web.servlet.AbstractWebMvcEndpointHandlerMapping$OperationHandler.handle(javax.servlet.http.HttpServletRequest,java.util.Map<java.lang.String, java.lang.String>)
2018-07-26 14:17:26.624 [main] INFO  org.springframework.boot.actuate.endpoint.web.servlet.WebMvcEndpointHandlerMapping - Mapped "{[/actuator/info],methods=[GET],produces=[application/vnd.spring-boot.actuator.v2+json || application/json]}" onto public java.lang.Object org.springframework.boot.actuate.endpoint.web.servlet.AbstractWebMvcEndpointHandlerMapping$OperationHandler.handle(javax.servlet.http.HttpServletRequest,java.util.Map<java.lang.String, java.lang.String>)
2018-07-26 14:17:26.654 [main] INFO  org.springframework.boot.actuate.endpoint.web.servlet.WebMvcEndpointHandlerMapping - Mapped "{[/actuator],methods=[GET],produces=[application/vnd.spring-boot.actuator.v2+json || application/json]}" onto protected java.util.Map<java.lang.String, java.util.Map<java.lang.String, org.springframework.boot.actuate.endpoint.web.Link>> org.springframework.boot.actuate.endpoint.web.servlet.WebMvcEndpointHandlerMapping.links(javax.servlet.http.HttpServletRequest,javax.servlet.http.HttpServletResponse)
2018-07-26 14:17:26.768 [main] INFO  org.springframework.jmx.export.annotation.AnnotationMBeanExporter - Registering beans for JMX exposure on startup
2018-07-26 14:17:26.801 [main] INFO  org.springframework.jmx.export.annotation.AnnotationMBeanExporter - Bean with name 'configurationPropertiesRebinder' has been autodetected for JMX exposure
2018-07-26 14:17:26.829 [main] INFO  org.springframework.jmx.export.annotation.AnnotationMBeanExporter - Bean with name 'environmentManager' has been autodetected for JMX exposure
2018-07-26 14:17:26.858 [main] INFO  org.springframework.jmx.export.annotation.AnnotationMBeanExporter - Bean with name 'refreshScope' has been autodetected for JMX exposure
2018-07-26 14:17:26.885 [main] INFO  org.springframework.jmx.export.annotation.AnnotationMBeanExporter - Located managed bean 'environmentManager': registering with JMX server as MBean [org.springframework.cloud.context.environment:name=environmentManager,type=EnvironmentManager]
2018-07-26 14:17:26.926 [main] INFO  org.springframework.jmx.export.annotation.AnnotationMBeanExporter - Located managed bean 'refreshScope': registering with JMX server as MBean [org.springframework.cloud.context.scope.refresh:name=refreshScope,type=RefreshScope]
2018-07-26 14:17:26.970 [main] INFO  org.springframework.jmx.export.annotation.AnnotationMBeanExporter - Located managed bean 'configurationPropertiesRebinder': registering with JMX server as MBean [org.springframework.cloud.context.properties:name=configurationPropertiesRebinder,context=60856961,type=ConfigurationPropertiesRebinder]
2018-07-26 14:17:27.015 [main] INFO  org.springframework.context.support.DefaultLifecycleProcessor - Starting beans in phase 0
2018-07-26 14:17:27.056 [main] INFO  org.springframework.cloud.netflix.eureka.InstanceInfoFactory - Setting initial instance status as: STARTING
2018-07-26 14:17:27.140 [main] INFO  com.netflix.discovery.DiscoveryClient - Initializing Eureka in region us-east-1
2018-07-26 14:17:27.220 [main] INFO  com.netflix.discovery.provider.DiscoveryJerseyProvider - Using JSON encoding codec LegacyJacksonJson
2018-07-26 14:17:27.248 [main] INFO  com.netflix.discovery.provider.DiscoveryJerseyProvider - Using JSON decoding codec LegacyJacksonJson
2018-07-26 14:17:27.441 [main] INFO  com.netflix.discovery.provider.DiscoveryJerseyProvider - Using XML encoding codec XStreamXml
2018-07-26 14:17:27.471 [main] INFO  com.netflix.discovery.provider.DiscoveryJerseyProvider - Using XML decoding codec XStreamXml
2018-07-26 14:17:27.667 [main] INFO  com.netflix.discovery.shared.resolver.aws.ConfigClusterResolver - Resolving eureka endpoints via configuration
2018-07-26 14:17:27.769 [main] INFO  com.netflix.discovery.DiscoveryClient - Disable delta property : false
2018-07-26 14:17:27.795 [main] INFO  com.netflix.discovery.DiscoveryClient - Single vip registry refresh property : null
2018-07-26 14:17:27.822 [main] INFO  com.netflix.discovery.DiscoveryClient - Force full registry fetch : false
2018-07-26 14:17:27.849 [main] INFO  com.netflix.discovery.DiscoveryClient - Application is null : false
2018-07-26 14:17:27.874 [main] INFO  com.netflix.discovery.DiscoveryClient - Registered Applications size is zero : true
2018-07-26 14:17:27.900 [main] INFO  com.netflix.discovery.DiscoveryClient - Application version is -1: true
2018-07-26 14:17:27.927 [main] INFO  com.netflix.discovery.DiscoveryClient - Getting all instance registry info from the eureka server
2018-07-26 14:17:28.200 [main] INFO  com.netflix.discovery.DiscoveryClient - The response status is 200
2018-07-26 14:17:28.228 [main] INFO  com.netflix.discovery.DiscoveryClient - Starting heartbeat executor: renew interval is: 30
2018-07-26 14:17:28.259 [main] INFO  com.netflix.discovery.InstanceInfoReplicator - InstanceInfoReplicator onDemand update allowed rate per min is 4
2018-07-26 14:17:28.297 [main] INFO  com.netflix.discovery.DiscoveryClient - Discovery Client initialized at timestamp 1532585848294 with initial instances count: 3
2018-07-26 14:17:28.338 [main] INFO  org.springframework.cloud.netflix.eureka.serviceregistry.EurekaServiceRegistry - Registering application micro-ancaiyun-zuul with eureka with status UP
2018-07-26 14:17:28.368 [main] INFO  com.netflix.discovery.DiscoveryClient - Saw local status change event StatusChangeEvent [timestamp=1532585848368, current=UP, previous=STARTING]
2018-07-26 14:17:28.401 [DiscoveryClient-InstanceInfoReplicator-0] INFO  com.netflix.discovery.DiscoveryClient - DiscoveryClient_MICRO-ANCAIYUN-ZUUL/localhost:micro-ancaiyun-zuul:8888: registering service...
2018-07-26 14:17:28.448 [main] INFO  org.apache.coyote.http11.Http11NioProtocol - Starting ProtocolHandler ["http-nio-8888"]
2018-07-26 14:17:28.476 [DiscoveryClient-InstanceInfoReplicator-0] INFO  com.netflix.discovery.DiscoveryClient - DiscoveryClient_MICRO-ANCAIYUN-ZUUL/localhost:micro-ancaiyun-zuul:8888 - registration status: 204
2018-07-26 14:17:28.482 [main] INFO  org.apache.tomcat.util.net.NioSelectorPool - Using a shared selector for servlet write/read
2018-07-26 14:17:28.597 [main] INFO  org.springframework.boot.web.embedded.tomcat.TomcatWebServer - Tomcat started on port(s): 8888 (http) with context path ''
2018-07-26 14:17:28.625 [main] INFO  org.springframework.cloud.netflix.eureka.serviceregistry.EurekaAutoServiceRegistration - Updating port to 8888
2018-07-26 14:17:28.660 [main] INFO  com.ancaiyun.MicroAncaiyunZuulApplication - Started MicroAncaiyunZuulApplication in 13.101 seconds (JVM running for 14.687)
2018-07-26 14:17:28.995 [RMI TCP Connection(2)-127.0.0.1] INFO  org.apache.catalina.core.ContainerBase.[Tomcat].[localhost].[/] - Initializing Spring FrameworkServlet 'dispatcherServlet'
2018-07-26 14:17:29.018 [RMI TCP Connection(2)-127.0.0.1] INFO  org.springframework.web.servlet.DispatcherServlet - FrameworkServlet 'dispatcherServlet': initialization started
2018-07-26 14:17:29.058 [RMI TCP Connection(2)-127.0.0.1] INFO  org.springframework.web.servlet.DispatcherServlet - FrameworkServlet 'dispatcherServlet': initialization completed in 15 ms
2018-07-26 14:35:41.754 [main] INFO  org.springframework.context.annotation.AnnotationConfigApplicationContext - Refreshing org.springframework.context.annotation.AnnotationConfigApplicationContext@6db9f5a4: startup date [Thu Jul 26 14:35:41 CST 2018]; root of context hierarchy
2018-07-26 14:35:42.050 [main] INFO  org.springframework.beans.factory.annotation.AutowiredAnnotationBeanPostProcessor - JSR-330 'javax.inject.Inject' annotation found and supported for autowiring
2018-07-26 14:35:42.099 [main] INFO  org.springframework.context.support.PostProcessorRegistrationDelegate$BeanPostProcessorChecker - Bean 'configurationPropertiesRebinderAutoConfiguration' of type [org.springframework.cloud.autoconfigure.ConfigurationPropertiesRebinderAutoConfiguration$$EnhancerBySpringCGLIB$$f9e460be] is not eligible for getting processed by all BeanPostProcessors (for example: not eligible for auto-proxying)
2018-07-26 14:35:43.476 [main] INFO  com.ancaiyun.MicroAncaiyunZuulApplication - No active profile set, falling back to default profiles: default
2018-07-26 14:35:43.573 [main] INFO  org.springframework.boot.web.servlet.context.AnnotationConfigServletWebServerApplicationContext - Refreshing org.springframework.boot.web.servlet.context.AnnotationConfigServletWebServerApplicationContext@130e116b: startup date [Thu Jul 26 14:35:43 CST 2018]; parent: org.springframework.context.annotation.AnnotationConfigApplicationContext@6db9f5a4
2018-07-26 14:35:44.105 [main] INFO  org.springframework.beans.factory.support.DefaultListableBeanFactory - Overriding bean definition for bean 'environmentWebEndpointExtension' with a different definition: replacing [Root bean: class [null]; scope=; abstract=false; lazyInit=false; autowireMode=3; dependencyCheck=0; autowireCandidate=true; primary=false; factoryBeanName=org.springframework.boot.actuate.autoconfigure.env.EnvironmentEndpointAutoConfiguration; factoryMethodName=environmentWebEndpointExtension; initMethodName=null; destroyMethodName=(inferred); defined in class path resource [org/springframework/boot/actuate/autoconfigure/env/EnvironmentEndpointAutoConfiguration.class]] with [Root bean: class [null]; scope=; abstract=false; lazyInit=false; autowireMode=3; dependencyCheck=0; autowireCandidate=true; primary=false; factoryBeanName=org.springframework.cloud.autoconfigure.LifecycleMvcEndpointAutoConfiguration$EndpointConfiguration; factoryMethodName=environmentWebEndpointExtension; initMethodName=null; destroyMethodName=(inferred); defined in class path resource [org/springframework/cloud/autoconfigure/LifecycleMvcEndpointAutoConfiguration$EndpointConfiguration.class]]
2018-07-26 14:35:44.172 [main] INFO  org.springframework.beans.factory.support.DefaultListableBeanFactory - Overriding bean definition for bean 'proxyRequestHelper' with a different definition: replacing [Root bean: class [null]; scope=; abstract=false; lazyInit=false; autowireMode=3; dependencyCheck=0; autowireCandidate=true; primary=false; factoryBeanName=org.springframework.cloud.netflix.zuul.ZuulProxyAutoConfiguration$EndpointConfiguration; factoryMethodName=proxyRequestHelper; initMethodName=null; destroyMethodName=(inferred); defined in class path resource [org/springframework/cloud/netflix/zuul/ZuulProxyAutoConfiguration$EndpointConfiguration.class]] with [Root bean: class [null]; scope=; abstract=false; lazyInit=false; autowireMode=3; dependencyCheck=0; autowireCandidate=true; primary=false; factoryBeanName=org.springframework.cloud.netflix.zuul.ZuulProxyAutoConfiguration$NoActuatorConfiguration; factoryMethodName=proxyRequestHelper; initMethodName=null; destroyMethodName=(inferred); defined in class path resource [org/springframework/cloud/netflix/zuul/ZuulProxyAutoConfiguration$NoActuatorConfiguration.class]]
2018-07-26 14:35:44.202 [main] INFO  org.springframework.beans.factory.support.DefaultListableBeanFactory - Overriding bean definition for bean 'counterFactory' with a different definition: replacing [Root bean: class [null]; scope=; abstract=false; lazyInit=false; autowireMode=3; dependencyCheck=0; autowireCandidate=true; primary=false; factoryBeanName=org.springframework.cloud.netflix.zuul.ZuulServerAutoConfiguration$ZuulMetricsConfiguration; factoryMethodName=counterFactory; initMethodName=null; destroyMethodName=(inferred); defined in class path resource [org/springframework/cloud/netflix/zuul/ZuulServerAutoConfiguration$ZuulMetricsConfiguration.class]] with [Root bean: class [null]; scope=; abstract=false; lazyInit=false; autowireMode=3; dependencyCheck=0; autowireCandidate=true; primary=false; factoryBeanName=org.springframework.cloud.netflix.zuul.ZuulServerAutoConfiguration$ZuulCounterFactoryConfiguration; factoryMethodName=counterFactory; initMethodName=null; destroyMethodName=(inferred); defined in class path resource [org/springframework/cloud/netflix/zuul/ZuulServerAutoConfiguration$ZuulCounterFactoryConfiguration.class]]
2018-07-26 14:35:44.382 [main] INFO  org.springframework.cloud.context.scope.GenericScope - BeanFactory id=8374500a-04ba-3d2c-aa21-62c0b6943d6a
2018-07-26 14:35:44.417 [main] INFO  org.springframework.beans.factory.annotation.AutowiredAnnotationBeanPostProcessor - JSR-330 'javax.inject.Inject' annotation found and supported for autowiring
2018-07-26 14:35:44.618 [main] INFO  org.springframework.context.support.PostProcessorRegistrationDelegate$BeanPostProcessorChecker - Bean 'org.springframework.cloud.autoconfigure.ConfigurationPropertiesRebinderAutoConfiguration' of type [org.springframework.cloud.autoconfigure.ConfigurationPropertiesRebinderAutoConfiguration$$EnhancerBySpringCGLIB$$f9e460be] is not eligible for getting processed by all BeanPostProcessors (for example: not eligible for auto-proxying)
2018-07-26 14:35:44.866 [main] INFO  org.springframework.boot.web.embedded.tomcat.TomcatWebServer - Tomcat initialized with port(s): 8888 (http)
2018-07-26 14:35:44.900 [main] INFO  org.apache.coyote.http11.Http11NioProtocol - Initializing ProtocolHandler ["http-nio-8888"]
2018-07-26 14:35:44.934 [main] INFO  org.apache.catalina.core.StandardService - Starting service [Tomcat]
2018-07-26 14:35:44.959 [main] INFO  org.apache.catalina.core.StandardEngine - Starting Servlet Engine: Apache Tomcat/8.5.29
2018-07-26 14:35:44.996 [localhost-startStop-1] INFO  org.apache.catalina.core.AprLifecycleListener - The APR based Apache Tomcat Native library which allows optimal performance in production environments was not found on the java.library.path: [D:\houtai\jdk\bin;C:\WINDOWS\Sun\Java\bin;C:\WINDOWS\system32;C:\WINDOWS;D:\houtai\jdk\bin;C:\ProgramData\Oracle\Java\javapath;F:\springboot\spring-boot-cli-1.3.0.BUILD-SNAPSHOT-bin\spring-1.3.0.BUILD-SNAPSHOT\bin;C:\WINDOWS\system32;C:\WINDOWS;C:\WINDOWS\System32\Wbem;C:\WINDOWS\System32\WindowsPowerShell\v1.0\;C:\WINDOWS\System32\OpenSSH\;D:\houtai\node_js\;E:\git\Git\cmd;F:\python\learn\Scripts\;F:\python\learn\;D:\houtai\jdk\bin;C:\Users\Administrator\AppData\Local\Microsoft\WindowsApps;C:\Users\Administrator\AppData\Roaming\npm;.]
2018-07-26 14:35:45.301 [localhost-startStop-1] INFO  org.apache.catalina.core.ContainerBase.[Tomcat].[localhost].[/] - Initializing Spring embedded WebApplicationContext
2018-07-26 14:35:45.325 [localhost-startStop-1] INFO  org.springframework.web.context.ContextLoader - Root WebApplicationContext: initialization completed in 1752 ms
2018-07-26 14:35:46.778 [localhost-startStop-1] INFO  org.springframework.cloud.commons.util.InetUtils - Cannot determine local hostname
2018-07-26 14:35:48.035 [localhost-startStop-1] INFO  org.springframework.cloud.commons.util.InetUtils - Cannot determine local hostname
2018-07-26 14:35:48.569 [localhost-startStop-1] INFO  com.netflix.config.sources.URLConfigurationSource - To enable URLs as dynamic configuration sources, define System property archaius.configurationSource.additionalUrls or make config.properties available on classpath.
2018-07-26 14:35:48.597 [localhost-startStop-1] INFO  com.netflix.config.DynamicPropertyFactory - DynamicPropertyFactory is initialized with configuration sources: com.netflix.config.ConcurrentCompositeConfiguration@62b3b1ee
2018-07-26 14:35:48.810 [localhost-startStop-1] INFO  org.springframework.boot.web.servlet.ServletRegistrationBean - Servlet dispatcherServlet mapped to [/]
2018-07-26 14:35:48.836 [localhost-startStop-1] INFO  org.springframework.boot.web.servlet.ServletRegistrationBean - Servlet zuulServlet mapped to [/zuul/*]
2018-07-26 14:35:48.871 [localhost-startStop-1] INFO  org.springframework.boot.web.servlet.FilterRegistrationBean - Mapping filter: 'characterEncodingFilter' to: [/*]
2018-07-26 14:35:48.897 [localhost-startStop-1] INFO  org.springframework.boot.web.servlet.FilterRegistrationBean - Mapping filter: 'hiddenHttpMethodFilter' to: [/*]
2018-07-26 14:35:48.923 [localhost-startStop-1] INFO  org.springframework.boot.web.servlet.FilterRegistrationBean - Mapping filter: 'httpPutFormContentFilter' to: [/*]
2018-07-26 14:35:48.950 [localhost-startStop-1] INFO  org.springframework.boot.web.servlet.FilterRegistrationBean - Mapping filter: 'requestContextFilter' to: [/*]
2018-07-26 14:35:48.975 [localhost-startStop-1] INFO  org.springframework.boot.web.servlet.FilterRegistrationBean - Mapping filter: 'httpTraceFilter' to: [/*]
2018-07-26 14:35:48.999 [localhost-startStop-1] INFO  org.springframework.boot.web.servlet.FilterRegistrationBean - Mapping filter: 'webMvcMetricsFilter' to: [/*]
2018-07-26 14:35:49.151 [main] INFO  com.netflix.config.sources.URLConfigurationSource - To enable URLs as dynamic configuration sources, define System property archaius.configurationSource.additionalUrls or make config.properties available on classpath.
2018-07-26 14:35:49.233 [main] INFO  org.springframework.web.servlet.handler.SimpleUrlHandlerMapping - Mapped URL path [/**/favicon.ico] onto handler of type [class org.springframework.web.servlet.resource.ResourceHttpRequestHandler]
2018-07-26 14:35:49.404 [main] INFO  org.springframework.web.servlet.mvc.method.annotation.RequestMappingHandlerAdapter - Looking for @ControllerAdvice: org.springframework.boot.web.servlet.context.AnnotationConfigServletWebServerApplicationContext@130e116b: startup date [Thu Jul 26 14:35:43 CST 2018]; parent: org.springframework.context.annotation.AnnotationConfigApplicationContext@6db9f5a4
2018-07-26 14:35:49.467 [main] INFO  org.springframework.web.servlet.mvc.method.annotation.RequestMappingHandlerMapping - Mapped "{[/error]}" onto public org.springframework.http.ResponseEntity<java.util.Map<java.lang.String, java.lang.Object>> org.springframework.boot.autoconfigure.web.servlet.error.BasicErrorController.error(javax.servlet.http.HttpServletRequest)
2018-07-26 14:35:49.492 [main] INFO  org.springframework.web.servlet.mvc.method.annotation.RequestMappingHandlerMapping - Mapped "{[/error],produces=[text/html]}" onto public org.springframework.web.servlet.ModelAndView org.springframework.boot.autoconfigure.web.servlet.error.BasicErrorController.errorHtml(javax.servlet.http.HttpServletRequest,javax.servlet.http.HttpServletResponse)
2018-07-26 14:35:49.570 [main] INFO  org.springframework.web.servlet.handler.SimpleUrlHandlerMapping - Mapped URL path [/webjars/**] onto handler of type [class org.springframework.web.servlet.resource.ResourceHttpRequestHandler]
2018-07-26 14:35:49.595 [main] INFO  org.springframework.web.servlet.handler.SimpleUrlHandlerMapping - Mapped URL path [/**] onto handler of type [class org.springframework.web.servlet.resource.ResourceHttpRequestHandler]
2018-07-26 14:35:49.921 [main] INFO  org.springframework.ui.freemarker.SpringTemplateLoader - SpringTemplateLoader for FreeMarker: using resource loader [org.springframework.boot.web.servlet.context.AnnotationConfigServletWebServerApplicationContext@130e116b: startup date [Thu Jul 26 14:35:43 CST 2018]; parent: org.springframework.context.annotation.AnnotationConfigApplicationContext@6db9f5a4] and template loader path [classpath:/templates/]
2018-07-26 14:35:49.946 [main] INFO  org.springframework.web.servlet.view.freemarker.FreeMarkerConfigurer - ClassTemplateLoader for Spring macros added to FreeMarker configuration
2018-07-26 14:35:50.405 [main] INFO  org.springframework.cloud.netflix.zuul.ZuulFilterInitializer - Starting filter initializer
2018-07-26 14:35:50.475 [main] INFO  org.springframework.boot.actuate.endpoint.web.EndpointLinksResolver - Exposing 2 endpoint(s) beneath base path '/actuator'
2018-07-26 14:35:50.508 [main] INFO  org.springframework.boot.actuate.endpoint.web.servlet.WebMvcEndpointHandlerMapping - Mapped "{[/actuator/health],methods=[GET],produces=[application/vnd.spring-boot.actuator.v2+json || application/json]}" onto public java.lang.Object org.springframework.boot.actuate.endpoint.web.servlet.AbstractWebMvcEndpointHandlerMapping$OperationHandler.handle(javax.servlet.http.HttpServletRequest,java.util.Map<java.lang.String, java.lang.String>)
2018-07-26 14:35:50.535 [main] INFO  org.springframework.boot.actuate.endpoint.web.servlet.WebMvcEndpointHandlerMapping - Mapped "{[/actuator/info],methods=[GET],produces=[application/vnd.spring-boot.actuator.v2+json || application/json]}" onto public java.lang.Object org.springframework.boot.actuate.endpoint.web.servlet.AbstractWebMvcEndpointHandlerMapping$OperationHandler.handle(javax.servlet.http.HttpServletRequest,java.util.Map<java.lang.String, java.lang.String>)
2018-07-26 14:35:50.564 [main] INFO  org.springframework.boot.actuate.endpoint.web.servlet.WebMvcEndpointHandlerMapping - Mapped "{[/actuator],methods=[GET],produces=[application/vnd.spring-boot.actuator.v2+json || application/json]}" onto protected java.util.Map<java.lang.String, java.util.Map<java.lang.String, org.springframework.boot.actuate.endpoint.web.Link>> org.springframework.boot.actuate.endpoint.web.servlet.WebMvcEndpointHandlerMapping.links(javax.servlet.http.HttpServletRequest,javax.servlet.http.HttpServletResponse)
2018-07-26 14:35:50.679 [main] INFO  org.springframework.jmx.export.annotation.AnnotationMBeanExporter - Registering beans for JMX exposure on startup
2018-07-26 14:35:50.713 [main] INFO  org.springframework.jmx.export.annotation.AnnotationMBeanExporter - Bean with name 'configurationPropertiesRebinder' has been autodetected for JMX exposure
2018-07-26 14:35:50.735 [main] INFO  org.springframework.jmx.export.annotation.AnnotationMBeanExporter - Bean with name 'environmentManager' has been autodetected for JMX exposure
2018-07-26 14:35:50.760 [main] INFO  org.springframework.jmx.export.annotation.AnnotationMBeanExporter - Bean with name 'refreshScope' has been autodetected for JMX exposure
2018-07-26 14:35:50.794 [main] INFO  org.springframework.jmx.export.annotation.AnnotationMBeanExporter - Located managed bean 'environmentManager': registering with JMX server as MBean [org.springframework.cloud.context.environment:name=environmentManager,type=EnvironmentManager]
2018-07-26 14:35:50.840 [main] INFO  org.springframework.jmx.export.annotation.AnnotationMBeanExporter - Located managed bean 'refreshScope': registering with JMX server as MBean [org.springframework.cloud.context.scope.refresh:name=refreshScope,type=RefreshScope]
2018-07-26 14:35:50.904 [main] INFO  org.springframework.jmx.export.annotation.AnnotationMBeanExporter - Located managed bean 'configurationPropertiesRebinder': registering with JMX server as MBean [org.springframework.cloud.context.properties:name=configurationPropertiesRebinder,context=130e116b,type=ConfigurationPropertiesRebinder]
2018-07-26 14:35:50.945 [main] INFO  org.springframework.context.support.DefaultLifecycleProcessor - Starting beans in phase 0
2018-07-26 14:35:50.980 [main] INFO  org.springframework.cloud.netflix.eureka.InstanceInfoFactory - Setting initial instance status as: STARTING
2018-07-26 14:35:51.060 [main] INFO  com.netflix.discovery.DiscoveryClient - Initializing Eureka in region us-east-1
2018-07-26 14:35:51.153 [main] INFO  com.netflix.discovery.provider.DiscoveryJerseyProvider - Using JSON encoding codec LegacyJacksonJson
2018-07-26 14:35:51.181 [main] INFO  com.netflix.discovery.provider.DiscoveryJerseyProvider - Using JSON decoding codec LegacyJacksonJson
2018-07-26 14:35:51.292 [main] INFO  com.netflix.discovery.provider.DiscoveryJerseyProvider - Using XML encoding codec XStreamXml
2018-07-26 14:35:51.317 [main] INFO  com.netflix.discovery.provider.DiscoveryJerseyProvider - Using XML decoding codec XStreamXml
2018-07-26 14:35:51.484 [main] INFO  com.netflix.discovery.shared.resolver.aws.ConfigClusterResolver - Resolving eureka endpoints via configuration
2018-07-26 14:35:51.605 [main] INFO  com.netflix.discovery.DiscoveryClient - Disable delta property : false
2018-07-26 14:35:51.630 [main] INFO  com.netflix.discovery.DiscoveryClient - Single vip registry refresh property : null
2018-07-26 14:35:51.655 [main] INFO  com.netflix.discovery.DiscoveryClient - Force full registry fetch : false
2018-07-26 14:35:51.683 [main] INFO  com.netflix.discovery.DiscoveryClient - Application is null : false
2018-07-26 14:35:51.708 [main] INFO  com.netflix.discovery.DiscoveryClient - Registered Applications size is zero : true
2018-07-26 14:35:51.732 [main] INFO  com.netflix.discovery.DiscoveryClient - Application version is -1: true
2018-07-26 14:35:51.758 [main] INFO  com.netflix.discovery.DiscoveryClient - Getting all instance registry info from the eureka server
2018-07-26 14:35:51.977 [main] INFO  com.netflix.discovery.DiscoveryClient - The response status is 200
2018-07-26 14:35:52.002 [main] INFO  com.netflix.discovery.DiscoveryClient - Starting heartbeat executor: renew interval is: 30
2018-07-26 14:35:52.032 [main] INFO  com.netflix.discovery.InstanceInfoReplicator - InstanceInfoReplicator onDemand update allowed rate per min is 4
2018-07-26 14:35:52.066 [main] INFO  com.netflix.discovery.DiscoveryClient - Discovery Client initialized at timestamp 1532586952063 with initial instances count: 6
2018-07-26 14:35:52.105 [main] INFO  org.springframework.cloud.netflix.eureka.serviceregistry.EurekaServiceRegistry - Registering application micro-ancaiyun-zuul with eureka with status UP
2018-07-26 14:35:52.132 [main] INFO  com.netflix.discovery.DiscoveryClient - Saw local status change event StatusChangeEvent [timestamp=1532586952132, current=UP, previous=STARTING]
2018-07-26 14:35:52.161 [DiscoveryClient-InstanceInfoReplicator-0] INFO  com.netflix.discovery.DiscoveryClient - DiscoveryClient_MICRO-ANCAIYUN-ZUUL/localhost:micro-ancaiyun-zuul:8888: registering service...
2018-07-26 14:35:52.209 [main] INFO  org.apache.coyote.http11.Http11NioProtocol - Starting ProtocolHandler ["http-nio-8888"]
2018-07-26 14:35:52.239 [DiscoveryClient-InstanceInfoReplicator-0] INFO  com.netflix.discovery.DiscoveryClient - DiscoveryClient_MICRO-ANCAIYUN-ZUUL/localhost:micro-ancaiyun-zuul:8888 - registration status: 204
2018-07-26 14:35:52.242 [main] INFO  org.apache.tomcat.util.net.NioSelectorPool - Using a shared selector for servlet write/read
2018-07-26 14:35:52.361 [main] INFO  org.springframework.boot.web.embedded.tomcat.TomcatWebServer - Tomcat started on port(s): 8888 (http) with context path ''
2018-07-26 14:35:52.392 [main] INFO  org.springframework.cloud.netflix.eureka.serviceregistry.EurekaAutoServiceRegistration - Updating port to 8888
2018-07-26 14:35:52.426 [main] INFO  com.ancaiyun.MicroAncaiyunZuulApplication - Started MicroAncaiyunZuulApplication in 12.312 seconds (JVM running for 13.236)
2018-07-26 14:35:52.915 [RMI TCP Connection(6)-127.0.0.1] INFO  org.apache.catalina.core.ContainerBase.[Tomcat].[localhost].[/] - Initializing Spring FrameworkServlet 'dispatcherServlet'
2018-07-26 14:35:52.939 [RMI TCP Connection(6)-127.0.0.1] INFO  org.springframework.web.servlet.DispatcherServlet - FrameworkServlet 'dispatcherServlet': initialization started
2018-07-26 14:35:52.984 [RMI TCP Connection(6)-127.0.0.1] INFO  org.springframework.web.servlet.DispatcherServlet - FrameworkServlet 'dispatcherServlet': initialization completed in 18 ms
2018-07-26 14:38:14.860 [http-nio-8888-exec-1] INFO  org.springframework.cloud.netflix.zuul.web.ZuulHandlerMapping - Mapped URL path [/admin-server/**] onto handler of type [class org.springframework.cloud.netflix.zuul.web.ZuulController]
2018-07-26 14:38:14.883 [http-nio-8888-exec-1] INFO  org.springframework.cloud.netflix.zuul.web.ZuulHandlerMapping - Mapped URL path [/admin-sso/**] onto handler of type [class org.springframework.cloud.netflix.zuul.web.ZuulController]
2018-07-26 14:38:14.907 [http-nio-8888-exec-1] INFO  org.springframework.cloud.netflix.zuul.web.ZuulHandlerMapping - Mapped URL path [/material/**] onto handler of type [class org.springframework.cloud.netflix.zuul.web.ZuulController]
2018-07-26 14:38:14.932 [http-nio-8888-exec-1] INFO  org.springframework.cloud.netflix.zuul.web.ZuulHandlerMapping - Mapped URL path [/project/**] onto handler of type [class org.springframework.cloud.netflix.zuul.web.ZuulController]
2018-07-26 14:38:14.956 [http-nio-8888-exec-1] INFO  org.springframework.cloud.netflix.zuul.web.ZuulHandlerMapping - Mapped URL path [/performance/**] onto handler of type [class org.springframework.cloud.netflix.zuul.web.ZuulController]
2018-07-26 14:38:14.978 [http-nio-8888-exec-1] INFO  org.springframework.cloud.netflix.zuul.web.ZuulHandlerMapping - Mapped URL path [/micro-ancaiyun-admin-server/**] onto handler of type [class org.springframework.cloud.netflix.zuul.web.ZuulController]
2018-07-26 14:38:15.004 [http-nio-8888-exec-1] INFO  org.springframework.cloud.netflix.zuul.web.ZuulHandlerMapping - Mapped URL path [/micro-ancaiyun-admin-sso-service/**] onto handler of type [class org.springframework.cloud.netflix.zuul.web.ZuulController]
2018-07-26 14:38:15.029 [http-nio-8888-exec-1] INFO  org.springframework.cloud.netflix.zuul.web.ZuulHandlerMapping - Mapped URL path [/micro-ancaiyun-material-server/**] onto handler of type [class org.springframework.cloud.netflix.zuul.web.ZuulController]
2018-07-26 14:38:15.054 [http-nio-8888-exec-1] INFO  org.springframework.cloud.netflix.zuul.web.ZuulHandlerMapping - Mapped URL path [/mirco-ancaiyun-performance-server/**] onto handler of type [class org.springframework.cloud.netflix.zuul.web.ZuulController]
2018-07-26 14:38:15.076 [http-nio-8888-exec-1] INFO  org.springframework.cloud.netflix.zuul.web.ZuulHandlerMapping - Mapped URL path [/micro-ancaiyun-project-server/**] onto handler of type [class org.springframework.cloud.netflix.zuul.web.ZuulController]
2018-07-26 14:38:15.193 [http-nio-8888-exec-1] INFO  org.springframework.context.annotation.AnnotationConfigApplicationContext - Refreshing SpringClientFactory-micro-ancaiyun-admin-server: startup date [Thu Jul 26 14:38:15 CST 2018]; parent: org.springframework.boot.web.servlet.context.AnnotationConfigServletWebServerApplicationContext@130e116b
2018-07-26 14:38:15.274 [http-nio-8888-exec-1] INFO  org.springframework.beans.factory.annotation.AutowiredAnnotationBeanPostProcessor - JSR-330 'javax.inject.Inject' annotation found and supported for autowiring
2018-07-26 14:38:15.433 [http-nio-8888-exec-1] INFO  com.netflix.config.ChainedDynamicProperty - Flipping property: micro-ancaiyun-admin-server.ribbon.ActiveConnectionsLimit to use NEXT property: niws.loadbalancer.availabilityFilteringRule.activeConnectionsLimit = 2147483647
2018-07-26 14:38:15.470 [http-nio-8888-exec-1] INFO  com.netflix.util.concurrent.ShutdownEnabledTimer - Shutdown hook installed for: NFLoadBalancer-PingTimer-micro-ancaiyun-admin-server
2018-07-26 14:38:15.508 [http-nio-8888-exec-1] INFO  com.netflix.loadbalancer.BaseLoadBalancer - Client: micro-ancaiyun-admin-server instantiated a LoadBalancer: DynamicServerListLoadBalancer:{NFLoadBalancer:name=micro-ancaiyun-admin-server,current list of Servers=[],Load balancer stats=Zone stats: {},Server stats: []}ServerList:null
2018-07-26 14:38:15.539 [http-nio-8888-exec-1] INFO  com.netflix.loadbalancer.DynamicServerListLoadBalancer - Using serverListUpdater PollingServerListUpdater
2018-07-26 14:38:15.578 [http-nio-8888-exec-1] INFO  com.netflix.config.ChainedDynamicProperty - Flipping property: micro-ancaiyun-admin-server.ribbon.ActiveConnectionsLimit to use NEXT property: niws.loadbalancer.availabilityFilteringRule.activeConnectionsLimit = 2147483647
2018-07-26 14:38:15.606 [http-nio-8888-exec-1] INFO  com.netflix.loadbalancer.DynamicServerListLoadBalancer - DynamicServerListLoadBalancer for client micro-ancaiyun-admin-server initialized: DynamicServerListLoadBalancer:{NFLoadBalancer:name=micro-ancaiyun-admin-server,current list of Servers=[localhost:8084],Load balancer stats=Zone stats: {defaultzone=[Zone:defaultzone;	Instance count:1;	Active connections count: 0;	Circuit breaker tripped count: 0;	Active connections per server: 0.0;]
},Server stats: [[Server:localhost:8084;	Zone:defaultZone;	Total Requests:0;	Successive connection failure:0;	Total blackout seconds:0;	Last connection made:Thu Jan 01 08:00:00 CST 1970;	First connection made: Thu Jan 01 08:00:00 CST 1970;	Active Connections:0;	total failure count in last (1000) msecs:0;	average resp time:0.0;	90 percentile resp time:0.0;	95 percentile resp time:0.0;	min resp time:0.0;	max resp time:0.0;	stddev resp time:0.0]
]}ServerList:org.springframework.cloud.netflix.ribbon.eureka.DomainExtractingServerList@4cb50627
2018-07-26 14:38:16.567 [PollingServerListUpdater-0] INFO  com.netflix.config.ChainedDynamicProperty - Flipping property: micro-ancaiyun-admin-server.ribbon.ActiveConnectionsLimit to use NEXT property: niws.loadbalancer.availabilityFilteringRule.activeConnectionsLimit = 2147483647
2018-07-26 14:38:27.680 [http-nio-8888-exec-5] INFO  org.springframework.context.annotation.AnnotationConfigApplicationContext - Refreshing SpringClientFactory-micro-ancaiyun-admin-sso-service: startup date [Thu Jul 26 14:38:27 CST 2018]; parent: org.springframework.boot.web.servlet.context.AnnotationConfigServletWebServerApplicationContext@130e116b
2018-07-26 14:38:27.724 [http-nio-8888-exec-5] INFO  org.springframework.beans.factory.annotation.AutowiredAnnotationBeanPostProcessor - JSR-330 'javax.inject.Inject' annotation found and supported for autowiring
2018-07-26 14:38:27.775 [http-nio-8888-exec-5] INFO  com.netflix.config.ChainedDynamicProperty - Flipping property: micro-ancaiyun-admin-sso-service.ribbon.ActiveConnectionsLimit to use NEXT property: niws.loadbalancer.availabilityFilteringRule.activeConnectionsLimit = 2147483647
2018-07-26 14:38:27.799 [http-nio-8888-exec-5] INFO  com.netflix.util.concurrent.ShutdownEnabledTimer - Shutdown hook installed for: NFLoadBalancer-PingTimer-micro-ancaiyun-admin-sso-service
2018-07-26 14:38:27.823 [http-nio-8888-exec-5] INFO  com.netflix.loadbalancer.BaseLoadBalancer - Client: micro-ancaiyun-admin-sso-service instantiated a LoadBalancer: DynamicServerListLoadBalancer:{NFLoadBalancer:name=micro-ancaiyun-admin-sso-service,current list of Servers=[],Load balancer stats=Zone stats: {},Server stats: []}ServerList:null
2018-07-26 14:38:27.852 [http-nio-8888-exec-5] INFO  com.netflix.loadbalancer.DynamicServerListLoadBalancer - Using serverListUpdater PollingServerListUpdater
2018-07-26 14:38:27.880 [http-nio-8888-exec-5] INFO  com.netflix.config.ChainedDynamicProperty - Flipping property: micro-ancaiyun-admin-sso-service.ribbon.ActiveConnectionsLimit to use NEXT property: niws.loadbalancer.availabilityFilteringRule.activeConnectionsLimit = 2147483647
2018-07-26 14:38:27.907 [http-nio-8888-exec-5] INFO  com.netflix.loadbalancer.DynamicServerListLoadBalancer - DynamicServerListLoadBalancer for client micro-ancaiyun-admin-sso-service initialized: DynamicServerListLoadBalancer:{NFLoadBalancer:name=micro-ancaiyun-admin-sso-service,current list of Servers=[localhost:8880],Load balancer stats=Zone stats: {defaultzone=[Zone:defaultzone;	Instance count:1;	Active connections count: 0;	Circuit breaker tripped count: 0;	Active connections per server: 0.0;]
},Server stats: [[Server:localhost:8880;	Zone:defaultZone;	Total Requests:0;	Successive connection failure:0;	Total blackout seconds:0;	Last connection made:Thu Jan 01 08:00:00 CST 1970;	First connection made: Thu Jan 01 08:00:00 CST 1970;	Active Connections:0;	total failure count in last (1000) msecs:0;	average resp time:0.0;	90 percentile resp time:0.0;	95 percentile resp time:0.0;	min resp time:0.0;	max resp time:0.0;	stddev resp time:0.0]
]}ServerList:org.springframework.cloud.netflix.ribbon.eureka.DomainExtractingServerList@4afa5276
2018-07-26 14:38:28.879 [PollingServerListUpdater-0] INFO  com.netflix.config.ChainedDynamicProperty - Flipping property: micro-ancaiyun-admin-sso-service.ribbon.ActiveConnectionsLimit to use NEXT property: niws.loadbalancer.availabilityFilteringRule.activeConnectionsLimit = 2147483647
2018-07-26 14:40:51.788 [AsyncResolver-bootstrap-executor-0] INFO  com.netflix.discovery.shared.resolver.aws.ConfigClusterResolver - Resolving eureka endpoints via configuration
2018-07-26 14:45:51.816 [AsyncResolver-bootstrap-executor-0] INFO  com.netflix.discovery.shared.resolver.aws.ConfigClusterResolver - Resolving eureka endpoints via configuration
2018-07-26 14:50:51.844 [AsyncResolver-bootstrap-executor-0] INFO  com.netflix.discovery.shared.resolver.aws.ConfigClusterResolver - Resolving eureka endpoints via configuration
2018-07-26 14:55:51.870 [AsyncResolver-bootstrap-executor-0] INFO  com.netflix.discovery.shared.resolver.aws.ConfigClusterResolver - Resolving eureka endpoints via configuration
2018-07-26 15:00:51.896 [AsyncResolver-bootstrap-executor-0] INFO  com.netflix.discovery.shared.resolver.aws.ConfigClusterResolver - Resolving eureka endpoints via configuration
2018-07-26 15:05:51.923 [AsyncResolver-bootstrap-executor-0] INFO  com.netflix.discovery.shared.resolver.aws.ConfigClusterResolver - Resolving eureka endpoints via configuration
2018-07-26 15:10:51.951 [AsyncResolver-bootstrap-executor-0] INFO  com.netflix.discovery.shared.resolver.aws.ConfigClusterResolver - Resolving eureka endpoints via configuration
2018-07-26 15:15:51.977 [AsyncResolver-bootstrap-executor-0] INFO  com.netflix.discovery.shared.resolver.aws.ConfigClusterResolver - Resolving eureka endpoints via configuration
2018-07-26 15:20:52.006 [AsyncResolver-bootstrap-executor-0] INFO  com.netflix.discovery.shared.resolver.aws.ConfigClusterResolver - Resolving eureka endpoints via configuration
2018-07-26 15:25:52.059 [AsyncResolver-bootstrap-executor-0] INFO  com.netflix.discovery.shared.resolver.aws.ConfigClusterResolver - Resolving eureka endpoints via configuration
2018-07-26 15:30:52.088 [AsyncResolver-bootstrap-executor-0] INFO  com.netflix.discovery.shared.resolver.aws.ConfigClusterResolver - Resolving eureka endpoints via configuration
2018-07-26 15:35:52.119 [AsyncResolver-bootstrap-executor-0] INFO  com.netflix.discovery.shared.resolver.aws.ConfigClusterResolver - Resolving eureka endpoints via configuration
2018-07-26 15:40:52.146 [AsyncResolver-bootstrap-executor-0] INFO  com.netflix.discovery.shared.resolver.aws.ConfigClusterResolver - Resolving eureka endpoints via configuration
2018-07-26 15:45:52.172 [AsyncResolver-bootstrap-executor-0] INFO  com.netflix.discovery.shared.resolver.aws.ConfigClusterResolver - Resolving eureka endpoints via configuration
2018-07-26 15:50:52.200 [AsyncResolver-bootstrap-executor-0] INFO  com.netflix.discovery.shared.resolver.aws.ConfigClusterResolver - Resolving eureka endpoints via configuration
